# JRE version: OpenJDK Runtime Environment (11.0.13) (build 11.0.13+0-b1751.21-8125866)
# Java VM: OpenJDK 64-Bit Server VM (11.0.13+0-b1751.21-8125866, mixed mode, tiered, compressed oops, g1 gc, windows-amd64)
Heap:
 garbage-first heap   total 459776K, used 164384K [0x0000000080000000, 0x0000000100000000)
  region size 1024K, 6 young (6144K), 6 survivors (6144K)
 Metaspace       used 99729K, capacity 102198K, committed 103720K, reserved 1138688K
  class space    used 12964K, capacity 13947K, committed 14592K, reserved 1048576K
GC Heap History (20 events):
Event: 12.163 GC heap after
{Heap after GC invocations=22 (full 0):
 garbage-first heap   total 189440K, used 85365K [0x0000000080000000, 0x0000000100000000)
  region size 1024K, 10 young (10240K), 10 survivors (10240K)
 Metaspace       used 88339K, capacity 90648K, committed 90920K, reserved 1128448K
  class space    used 11518K, capacity 12426K, committed 12544K, reserved 1048576K
}
Event: 12.496 GC heap before
{Heap before GC invocations=22 (full 0):
 garbage-first heap   total 189440K, used 147829K [0x0000000080000000, 0x0000000100000000)
  region size 1024K, 72 young (73728K), 10 survivors (10240K)
 Metaspace       used 91789K, capacity 94378K, committed 94504K, reserved 1130496K
  class space    used 12004K, capacity 13004K, committed 13056K, reserved 1048576K
}
Event: 12.508 GC heap after
{Heap after GC invocations=23 (full 0):
 garbage-first heap   total 189440K, used 98767K [0x0000000080000000, 0x0000000100000000)
  region size 1024K, 9 young (9216K), 9 survivors (9216K)
 Metaspace       used 91789K, capacity 94378K, committed 94504K, reserved 1130496K
  class space    used 12004K, capacity 13004K, committed 13056K, reserved 1048576K
}
Event: 12.758 GC heap before
{Heap before GC invocations=23 (full 0):
 garbage-first heap   total 189440K, used 149967K [0x0000000080000000, 0x0000000100000000)
  region size 1024K, 59 young (60416K), 9 survivors (9216K)
 Metaspace       used 93393K, capacity 96085K, committed 96296K, reserved 1132544K
  class space    used 12240K, capacity 13275K, committed 13312K, reserved 1048576K
}
Event: 12.785 GC heap after
{Heap after GC invocations=24 (full 0):
 garbage-first heap   total 227328K, used 104448K [0x0000000080000000, 0x0000000100000000)
  region size 1024K, 8 young (8192K), 8 survivors (8192K)
 Metaspace       used 93393K, capacity 96085K, committed 96296K, reserved 1132544K
  class space    used 12240K, capacity 13275K, committed 13312K, reserved 1048576K
}
Event: 13.081 GC heap before
{Heap before GC invocations=25 (full 0):
 garbage-first heap   total 227328K, used 165888K [0x0000000080000000, 0x0000000100000000)
  region size 1024K, 69 young (70656K), 8 survivors (8192K)
 Metaspace       used 94073K, capacity 96513K, committed 97192K, reserved 1132544K
  class space    used 12226K, capacity 13175K, committed 13440K, reserved 1048576K
}
Event: 13.105 GC heap after
{Heap after GC invocations=26 (full 0):
 garbage-first heap   total 227328K, used 116248K [0x0000000080000000, 0x0000000100000000)
  region size 1024K, 9 young (9216K), 9 survivors (9216K)
 Metaspace       used 94073K, capacity 96513K, committed 97192K, reserved 1132544K
  class space    used 12226K, capacity 13175K, committed 13440K, reserved 1048576K
}
Event: 13.262 GC heap before
{Heap before GC invocations=26 (full 0):
 garbage-first heap   total 227328K, used 173592K [0x0000000080000000, 0x0000000100000000)
  region size 1024K, 65 young (66560K), 9 survivors (9216K)
 Metaspace       used 95430K, capacity 98176K, committed 98344K, reserved 1134592K
  class space    used 12569K, capacity 13734K, committed 13824K, reserved 1048576K
}
Event: 13.293 GC heap after
{Heap after GC invocations=27 (full 0):
 garbage-first heap   total 227328K, used 126648K [0x0000000080000000, 0x0000000100000000)
  region size 1024K, 9 young (9216K), 9 survivors (9216K)
 Metaspace       used 95430K, capacity 98176K, committed 98344K, reserved 1134592K
  class space    used 12569K, capacity 13734K, committed 13824K, reserved 1048576K
}
Event: 13.407 GC heap before
{Heap before GC invocations=27 (full 0):
 garbage-first heap   total 227328K, used 178872K [0x0000000080000000, 0x0000000100000000)
  region size 1024K, 60 young (61440K), 9 survivors (9216K)
 Metaspace       used 95525K, capacity 98309K, committed 98600K, reserved 1134592K
  class space    used 12591K, capacity 13778K, committed 13824K, reserved 1048576K
}
Event: 13.430 GC heap after
{Heap after GC invocations=28 (full 0):
 garbage-first heap   total 227328K, used 136192K [0x0000000080000000, 0x0000000100000000)
  region size 1024K, 8 young (8192K), 8 survivors (8192K)
 Metaspace       used 95525K, capacity 98309K, committed 98600K, reserved 1134592K
  class space    used 12591K, capacity 13778K, committed 13824K, reserved 1048576K
}
Event: 13.817 GC heap before
{Heap before GC invocations=29 (full 0):
 garbage-first heap   total 227328K, used 182272K [0x0000000080000000, 0x0000000100000000)
  region size 1024K, 54 young (55296K), 8 survivors (8192K)
 Metaspace       used 98413K, capacity 101331K, committed 101544K, reserved 1136640K
  class space    used 13089K, capacity 14315K, committed 14464K, reserved 1048576K
}
Event: 13.840 GC heap after
{Heap after GC invocations=30 (full 0):
 garbage-first heap   total 338944K, used 144961K [0x0000000080000000, 0x0000000100000000)
  region size 1024K, 7 young (7168K), 7 survivors (7168K)
 Metaspace       used 98413K, capacity 101331K, committed 101544K, reserved 1136640K
  class space    used 13089K, capacity 14315K, committed 14464K, reserved 1048576K
}
Event: 14.222 GC heap before
{Heap before GC invocations=30 (full 0):
 garbage-first heap   total 338944K, used 221761K [0x0000000080000000, 0x0000000100000000)
  region size 1024K, 83 young (84992K), 7 survivors (7168K)
 Metaspace       used 99327K, capacity 102192K, committed 102312K, reserved 1136640K
  class space    used 13186K, capacity 14403K, committed 14464K, reserved 1048576K
}
Event: 14.242 GC heap after
{Heap after GC invocations=31 (full 0):
 garbage-first heap   total 338944K, used 154724K [0x0000000080000000, 0x0000000100000000)
  region size 1024K, 9 young (9216K), 9 survivors (9216K)
 Metaspace       used 99327K, capacity 102192K, committed 102312K, reserved 1136640K
  class space    used 13186K, capacity 14403K, committed 14464K, reserved 1048576K
}
Event: 14.526 GC heap before
{Heap before GC invocations=31 (full 0):
 garbage-first heap   total 338944K, used 232548K [0x0000000080000000, 0x0000000100000000)
  region size 1024K, 86 young (88064K), 9 survivors (9216K)
 Metaspace       used 99824K, capacity 102752K, committed 102952K, reserved 1138688K
  class space    used 13246K, capacity 14476K, committed 14592K, reserved 1048576K
}
Event: 14.542 GC heap after
{Heap after GC invocations=32 (full 0):
 garbage-first heap   total 338944K, used 159791K [0x0000000080000000, 0x0000000100000000)
  region size 1024K, 6 young (6144K), 6 survivors (6144K)
 Metaspace       used 99824K, capacity 102752K, committed 102952K, reserved 1138688K
  class space    used 13246K, capacity 14476K, committed 14592K, reserved 1048576K
}
Event: 15.170 GC heap before
{Heap before GC invocations=32 (full 0):
 garbage-first heap   total 338944K, used 244783K [0x0000000080000000, 0x0000000100000000)
  region size 1024K, 89 young (91136K), 6 survivors (6144K)
 Metaspace       used 100397K, capacity 103340K, committed 103464K, reserved 1138688K
  class space    used 13266K, capacity 14521K, committed 14592K, reserved 1048576K
}
Event: 15.184 GC heap after
{Heap after GC invocations=33 (full 0):
 garbage-first heap   total 338944K, used 162651K [0x0000000080000000, 0x0000000100000000)
  region size 1024K, 8 young (8192K), 8 survivors (8192K)
 Metaspace       used 100397K, capacity 103340K, committed 103464K, reserved 1138688K
  class space    used 13266K, capacity 14521K, committed 14592K, reserved 1048576K
}
Event: 15.751 GC heap before
{Heap before GC invocations=34 (full 0):
 garbage-first heap   total 338944K, used 256859K [0x0000000080000000, 0x0000000100000000)
  region size 1024K, 100 young (102400K), 8 survivors (8192K)
 Metaspace       used 99729K, capacity 102198K, committed 103720K, reserved 1138688K
  class space    used 12964K, capacity 13947K, committed 14592K, reserved 1048576K
}

