# JRE version: OpenJDK Runtime Environment (11.0.13) (build 11.0.13+0-b1751.21-8125866)
# Java VM: OpenJDK 64-Bit Server VM (11.0.13+0-b1751.21-8125866, mixed mode, tiered, compressed oops, g1 gc, windows-amd64)
Heap:
 garbage-first heap   total 381952K, used 163749K [0x0000000080000000, 0x0000000100000000)
  region size 1024K, 5 young (5120K), 5 survivors (5120K)
 Metaspace       used 130334K, capacity 135012K, committed 135504K, reserved 1167360K
  class space    used 15999K, capacity 17726K, committed 18080K, reserved 1048576K
GC Heap History (20 events):
Event: 2112.482 GC heap after
{Heap after GC invocations=113 (full 0):
 garbage-first heap   total 241664K, used 97163K [0x0000000080000000, 0x0000000100000000)
  region size 1024K, 1 young (1024K), 1 survivors (1024K)
 Metaspace       used 129143K, capacity 133762K, committed 134352K, reserved 1165312K
  class space    used 15868K, capacity 17544K, committed 17952K, reserved 1048576K
}
Event: 2112.545 GC heap before
{Heap before GC invocations=113 (full 0):
 garbage-first heap   total 241664K, used 119691K [0x0000000080000000, 0x0000000100000000)
  region size 1024K, 11 young (11264K), 1 survivors (1024K)
 Metaspace       used 129163K, capacity 133775K, committed 134352K, reserved 1165312K
  class space    used 15871K, capacity 17548K, committed 17952K, reserved 1048576K
}
Event: 2112.558 GC heap after
{Heap after GC invocations=114 (full 0):
 garbage-first heap   total 241664K, used 92474K [0x0000000080000000, 0x0000000100000000)
  region size 1024K, 1 young (1024K), 1 survivors (1024K)
 Metaspace       used 129163K, capacity 133775K, committed 134352K, reserved 1165312K
  class space    used 15871K, capacity 17548K, committed 17952K, reserved 1048576K
}
Event: 2112.717 GC heap before
{Heap before GC invocations=114 (full 0):
 garbage-first heap   total 241664K, used 189754K [0x0000000080000000, 0x0000000100000000)
  region size 1024K, 97 young (99328K), 1 survivors (1024K)
 Metaspace       used 129532K, capacity 134179K, committed 134736K, reserved 1165312K
  class space    used 15934K, capacity 17629K, committed 18080K, reserved 1048576K
}
Event: 2112.753 GC heap after
{Heap after GC invocations=115 (full 0):
 garbage-first heap   total 241664K, used 109673K [0x0000000080000000, 0x0000000100000000)
  region size 1024K, 13 young (13312K), 13 survivors (13312K)
 Metaspace       used 129532K, capacity 134179K, committed 134736K, reserved 1165312K
  class space    used 15934K, capacity 17629K, committed 18080K, reserved 1048576K
}
Event: 2113.001 GC heap before
{Heap before GC invocations=116 (full 0):
 garbage-first heap   total 241664K, used 184425K [0x0000000080000000, 0x0000000100000000)
  region size 1024K, 87 young (89088K), 13 survivors (13312K)
 Metaspace       used 129712K, capacity 134376K, committed 134992K, reserved 1167360K
  class space    used 15951K, capacity 17671K, committed 18080K, reserved 1048576K
}
Event: 2113.023 GC heap after
{Heap after GC invocations=117 (full 0):
 garbage-first heap   total 241664K, used 123561K [0x0000000080000000, 0x0000000100000000)
  region size 1024K, 11 young (11264K), 11 survivors (11264K)
 Metaspace       used 129712K, capacity 134376K, committed 134992K, reserved 1167360K
  class space    used 15951K, capacity 17671K, committed 18080K, reserved 1048576K
}
Event: 2113.162 GC heap before
{Heap before GC invocations=117 (full 0):
 garbage-first heap   total 241664K, used 186025K [0x0000000080000000, 0x0000000100000000)
  region size 1024K, 73 young (74752K), 11 survivors (11264K)
 Metaspace       used 130040K, capacity 134728K, committed 135248K, reserved 1167360K
  class space    used 15994K, capacity 17722K, committed 18080K, reserved 1048576K
}
Event: 2113.183 GC heap after
{Heap after GC invocations=118 (full 0):
 garbage-first heap   total 241664K, used 133754K [0x0000000080000000, 0x0000000100000000)
  region size 1024K, 10 young (10240K), 10 survivors (10240K)
 Metaspace       used 130040K, capacity 134728K, committed 135248K, reserved 1167360K
  class space    used 15994K, capacity 17722K, committed 18080K, reserved 1048576K
}
Event: 2113.439 GC heap before
{Heap before GC invocations=118 (full 0):
 garbage-first heap   total 241664K, used 191098K [0x0000000080000000, 0x0000000100000000)
  region size 1024K, 66 young (67584K), 10 survivors (10240K)
 Metaspace       used 130167K, capacity 134851K, committed 135248K, reserved 1167360K
  class space    used 15992K, capacity 17718K, committed 18080K, reserved 1048576K
}
Event: 2113.463 GC heap after
{Heap after GC invocations=119 (full 0):
 garbage-first heap   total 241664K, used 143363K [0x0000000080000000, 0x0000000100000000)
  region size 1024K, 9 young (9216K), 9 survivors (9216K)
 Metaspace       used 130167K, capacity 134851K, committed 135248K, reserved 1167360K
  class space    used 15992K, capacity 17718K, committed 18080K, reserved 1048576K
}
Event: 2113.569 GC heap before
{Heap before GC invocations=120 (full 0):
 garbage-first heap   total 241664K, used 192515K [0x0000000080000000, 0x0000000100000000)
  region size 1024K, 58 young (59392K), 9 survivors (9216K)
 Metaspace       used 130192K, capacity 134866K, committed 135248K, reserved 1167360K
  class space    used 15996K, capacity 17723K, committed 18080K, reserved 1048576K
}
Event: 2113.586 GC heap after
{Heap after GC invocations=121 (full 0):
 garbage-first heap   total 241664K, used 150993K [0x0000000080000000, 0x0000000100000000)
  region size 1024K, 8 young (8192K), 8 survivors (8192K)
 Metaspace       used 130192K, capacity 134866K, committed 135248K, reserved 1167360K
  class space    used 15996K, capacity 17723K, committed 18080K, reserved 1048576K
}
Event: 2113.592 GC heap before
{Heap before GC invocations=121 (full 0):
 garbage-first heap   total 241664K, used 154065K [0x0000000080000000, 0x0000000100000000)
  region size 1024K, 11 young (11264K), 8 survivors (8192K)
 Metaspace       used 130192K, capacity 134866K, committed 135248K, reserved 1167360K
  class space    used 15996K, capacity 17723K, committed 18080K, reserved 1048576K
}
Event: 2113.612 GC heap after
{Heap after GC invocations=122 (full 0):
 garbage-first heap   total 241664K, used 147625K [0x0000000080000000, 0x0000000100000000)
  region size 1024K, 2 young (2048K), 2 survivors (2048K)
 Metaspace       used 130192K, capacity 134866K, committed 135248K, reserved 1167360K
  class space    used 15996K, capacity 17723K, committed 18080K, reserved 1048576K
}
Event: 2113.699 GC heap before
{Heap before GC invocations=122 (full 0):
 garbage-first heap   total 241664K, used 195753K [0x0000000080000000, 0x0000000100000000)
  region size 1024K, 50 young (51200K), 2 survivors (2048K)
 Metaspace       used 130237K, capacity 134937K, committed 135504K, reserved 1167360K
  class space    used 15998K, capacity 17724K, committed 18080K, reserved 1048576K
}
Event: 2113.714 GC heap after
{Heap after GC invocations=123 (full 0):
 garbage-first heap   total 241664K, used 152987K [0x0000000080000000, 0x0000000100000000)
  region size 1024K, 7 young (7168K), 7 survivors (7168K)
 Metaspace       used 130237K, capacity 134937K, committed 135504K, reserved 1167360K
  class space    used 15998K, capacity 17724K, committed 18080K, reserved 1048576K
}
Event: 2113.833 GC heap before
{Heap before GC invocations=123 (full 0):
 garbage-first heap   total 241664K, used 199067K [0x0000000080000000, 0x0000000100000000)
  region size 1024K, 52 young (53248K), 7 survivors (7168K)
 Metaspace       used 130263K, capacity 134940K, committed 135504K, reserved 1167360K
  class space    used 15998K, capacity 17724K, committed 18080K, reserved 1048576K
}
Event: 2113.845 GC heap after
{Heap after GC invocations=124 (full 0):
 garbage-first heap   total 241664K, used 159324K [0x0000000080000000, 0x0000000100000000)
  region size 1024K, 7 young (7168K), 7 survivors (7168K)
 Metaspace       used 130263K, capacity 134940K, committed 135504K, reserved 1167360K
  class space    used 15998K, capacity 17724K, committed 18080K, reserved 1048576K
}
Event: 2114.094 GC heap before
{Heap before GC invocations=124 (full 0):
 garbage-first heap   total 241664K, used 200284K [0x0000000080000000, 0x0000000100000000)
  region size 1024K, 47 young (48128K), 7 survivors (7168K)
 Metaspace       used 130334K, capacity 135012K, committed 135504K, reserved 1167360K
  class space    used 15999K, capacity 17726K, committed 18080K, reserved 1048576K
}

